<?xml version="1.0" encoding="UTF-8"?>
<testng-results ignored="0" total="1" passed="1" failed="0" skipped="0">
  <reporter-output>
    <line>
      <![CDATA[login]]>
    </line>
    <line>
      <![CDATA[Add]]>
    </line>
    <line>
      <![CDATA[Edit]]>
    </line>
    <line>
      <![CDATA[Delete]]>
    </line>
    <line>
      <![CDATA[logout]]>
    </line>
  </reporter-output>
  <suite started-at="2024-03-24T18:00:25 IST" name="Default suite" finished-at="2024-03-24T18:00:58 IST" duration-ms="32429">
    <groups>
    </groups>
    <test started-at="2024-03-24T18:00:25 IST" name="Default test" finished-at="2024-03-24T18:00:58 IST" duration-ms="32429">
      <class name="Com.Tscript.TC001">
        <test-method signature="Testng()[pri:0, instance:Com.Tscript.TC001@68999068]" started-at="2024-03-24T18:00:25 IST" name="Testng" finished-at="2024-03-24T18:00:58 IST" duration-ms="32369" status="PASS">
          <reporter-output>
            <line>
              <![CDATA[login]]>
            </line>
            <line>
              <![CDATA[Add]]>
            </line>
            <line>
              <![CDATA[Edit]]>
            </line>
            <line>
              <![CDATA[Delete]]>
            </line>
            <line>
              <![CDATA[logout]]>
            </line>
          </reporter-output>
        </test-method> <!-- Testng -->
      </class> <!-- Com.Tscript.TC001 -->
    </test> <!-- Default test -->
  </suite> <!-- Default suite -->
</testng-results>
